[debug] [2022-03-09T22:00:24.419Z] ----------------------------------------------------------------------
[debug] [2022-03-09T22:00:24.423Z] Command:       /home/pheon/.nvm/versions/node/v17.4.0/bin/node /home/pheon/.nvm/versions/node/v17.4.0/bin/firebase deploy --only hosting:vision-lms
[debug] [2022-03-09T22:00:24.424Z] CLI Version:   10.2.2
[debug] [2022-03-09T22:00:24.424Z] Platform:      linux
[debug] [2022-03-09T22:00:24.424Z] Node Version:  v17.4.0
[debug] [2022-03-09T22:00:24.480Z] Time:          Thu Mar 10 2022 01:00:24 GMT+0300 (East Africa Time)
[debug] [2022-03-09T22:00:24.481Z] ----------------------------------------------------------------------
[debug] 
[debug] [2022-03-09T22:00:24.660Z] > command requires scopes: ["email","openid","https://www.googleapis.com/auth/cloudplatformprojects.readonly","https://www.googleapis.com/auth/firebase","https://www.googleapis.com/auth/cloud-platform"]
[debug] [2022-03-09T22:00:24.660Z] > authorizing via signed-in user (devpheon@gmail.com)
[debug] [2022-03-09T22:00:24.661Z] [iam] checking project vision-lms for permissions ["firebase.projects.get","firebasehosting.sites.update"]
[debug] [2022-03-09T22:00:24.663Z] > refreshing access token with scopes: []
[debug] [2022-03-09T22:00:24.664Z] >>> HTTP REQUEST POST https://www.googleapis.com/oauth2/v3/token  
 <request body omitted>
[debug] [2022-03-09T22:00:24.916Z] [iam] error while checking permissions, command may fail: FirebaseError: Authentication Error: Your credentials are no longer valid. Please run firebase login --reauth

For CI servers and headless environments, generate a new token with firebase login:ci
[debug] [2022-03-09T22:00:24.918Z] > refreshing access token with scopes: []
[debug] [2022-03-09T22:00:24.918Z] >>> HTTP REQUEST POST https://www.googleapis.com/oauth2/v3/token  
 <request body omitted>
[debug] [2022-03-09T22:00:24.935Z] Authentication Error: Your credentials are no longer valid. Please run firebase login --reauth

For CI servers and headless environments, generate a new token with firebase login:ci
[debug] [2022-03-09T22:00:24.948Z] FirebaseError: Authentication Error: Your credentials are no longer valid. Please run firebase login --reauth

For CI servers and headless environments, generate a new token with firebase login:ci
    at invalidCredentialError (/home/pheon/.nvm/versions/node/v17.4.0/lib/node_modules/firebase-tools/lib/auth.js:145:12)
    at refreshTokens (/home/pheon/.nvm/versions/node/v17.4.0/lib/node_modules/firebase-tools/lib/auth.js:485:15)
    at processTicksAndRejections (node:internal/process/task_queues:96:5)
    at async Client.getAccessToken (/home/pheon/.nvm/versions/node/v17.4.0/lib/node_modules/firebase-tools/lib/apiv2.js:147:23)
    at async Client.addAuthHeader (/home/pheon/.nvm/versions/node/v17.4.0/lib/node_modules/firebase-tools/lib/apiv2.js:138:21)
    at async Client.request (/home/pheon/.nvm/versions/node/v17.4.0/lib/node_modules/firebase-tools/lib/apiv2.js:94:34)
    at async getFirebaseProject (/home/pheon/.nvm/versions/node/v17.4.0/lib/node_modules/firebase-tools/lib/management/projects.js:290:21)
    at async getDefaultHostingSite (/home/pheon/.nvm/versions/node/v17.4.0/lib/node_modules/firebase-tools/lib/getDefaultHostingSite.js:8:21)
    at async requireHostingSite (/home/pheon/.nvm/versions/node/v17.4.0/lib/node_modules/firebase-tools/lib/requireHostingSite.js:9:18)
    at async Object.fn (/home/pheon/.nvm/versions/node/v17.4.0/lib/node_modules/firebase-tools/lib/commands/deploy.js:73:9)
    at async /home/pheon/.nvm/versions/node/v17.4.0/lib/node_modules/firebase-tools/lib/command.js:188:17
[error] 
[error] Error: Failed to get Firebase project vision-lms. Please make sure the project exists and your account has permission to access it.
